F, [2013-11-02T18:13:10.962599 #32353] FATAL -- : error adding listener addr=./tmp/sockets/unicorn.sock
/Users/bhsdrew/.rvm/gems/ruby-1.9.3-p448/gems/unicorn-4.6.3/lib/unicorn/socket_helper.rb:149:in `bind_listen': Don't know how to bind: ./tmp/sockets/unicorn.sock (ArgumentError)
	from /Users/bhsdrew/.rvm/gems/ruby-1.9.3-p448/gems/unicorn-4.6.3/lib/unicorn/http_server.rb:229:in `listen'
	from /Users/bhsdrew/.rvm/gems/ruby-1.9.3-p448/gems/unicorn-4.6.3/lib/unicorn/http_server.rb:773:in `block in bind_new_listeners!'
	from /Users/bhsdrew/.rvm/gems/ruby-1.9.3-p448/gems/unicorn-4.6.3/lib/unicorn/http_server.rb:773:in `each'
	from /Users/bhsdrew/.rvm/gems/ruby-1.9.3-p448/gems/unicorn-4.6.3/lib/unicorn/http_server.rb:773:in `bind_new_listeners!'
	from /Users/bhsdrew/.rvm/gems/ruby-1.9.3-p448/gems/unicorn-4.6.3/lib/unicorn/http_server.rb:141:in `start'
	from /Users/bhsdrew/.rvm/gems/ruby-1.9.3-p448/gems/unicorn-4.6.3/bin/unicorn:126:in `<top (required)>'
	from /Users/bhsdrew/.rvm/gems/ruby-1.9.3-p448/bin/unicorn:23:in `load'
	from /Users/bhsdrew/.rvm/gems/ruby-1.9.3-p448/bin/unicorn:23:in `<main>'
	from /Users/bhsdrew/.rvm/gems/ruby-1.9.3-p448/bin/ruby_executable_hooks:15:in `eval'
	from /Users/bhsdrew/.rvm/gems/ruby-1.9.3-p448/bin/ruby_executable_hooks:15:in `<main>'
F, [2013-11-02T18:14:56.044772 #32370] FATAL -- : error adding listener addr=./tmp/sockets/unicorn.sock
/Users/bhsdrew/.rvm/gems/ruby-1.9.3-p448/gems/unicorn-4.6.3/lib/unicorn/socket_helper.rb:149:in `bind_listen': Don't know how to bind: ./tmp/sockets/unicorn.sock (ArgumentError)
	from /Users/bhsdrew/.rvm/gems/ruby-1.9.3-p448/gems/unicorn-4.6.3/lib/unicorn/http_server.rb:229:in `listen'
	from /Users/bhsdrew/.rvm/gems/ruby-1.9.3-p448/gems/unicorn-4.6.3/lib/unicorn/http_server.rb:773:in `block in bind_new_listeners!'
	from /Users/bhsdrew/.rvm/gems/ruby-1.9.3-p448/gems/unicorn-4.6.3/lib/unicorn/http_server.rb:773:in `each'
	from /Users/bhsdrew/.rvm/gems/ruby-1.9.3-p448/gems/unicorn-4.6.3/lib/unicorn/http_server.rb:773:in `bind_new_listeners!'
	from /Users/bhsdrew/.rvm/gems/ruby-1.9.3-p448/gems/unicorn-4.6.3/lib/unicorn/http_server.rb:141:in `start'
	from /Users/bhsdrew/.rvm/gems/ruby-1.9.3-p448/gems/unicorn-4.6.3/bin/unicorn:126:in `<top (required)>'
	from /Users/bhsdrew/.rvm/gems/ruby-1.9.3-p448/bin/unicorn:23:in `load'
	from /Users/bhsdrew/.rvm/gems/ruby-1.9.3-p448/bin/unicorn:23:in `<main>'
	from /Users/bhsdrew/.rvm/gems/ruby-1.9.3-p448/bin/ruby_executable_hooks:15:in `eval'
	from /Users/bhsdrew/.rvm/gems/ruby-1.9.3-p448/bin/ruby_executable_hooks:15:in `<main>'
